Using pre-set license
Built from '2021.3/staging' branch; Version is '2021.3.20f1 (577897200b8b) revision 5732503'; Using compiler version '192829333'; Build Type 'Release'
OS: 'Windows 10  (10.0.19044) 64bit Professional' Language: 'ko' Physical Memory: 16271 MB
BatchMode: 1, IsHumanControllingUs: 0, StartBugReporterOnCrash: 0, Is64bit: 1, IsPro: 1

COMMAND LINE ARGUMENTS:
C:\Program Files\Unity\Hub\Editor\2021.3.20f1\Editor\Unity.exe
-adb2
-batchMode
-noUpm
-name
AssetImportWorker2
-projectPath
C:/Users/spike/Documents/GitHub/WOM_GIT
-logFile
Logs/AssetImportWorker2.log
-srvPort
58031
Successfully changed project path to: C:/Users/spike/Documents/GitHub/WOM_GIT
C:/Users/spike/Documents/GitHub/WOM_GIT
[UnityMemory] Configuration Parameters - Can be set up in boot.config
    "memorysetup-bucket-allocator-granularity=16"
    "memorysetup-bucket-allocator-bucket-count=8"
    "memorysetup-bucket-allocator-block-size=33554432"
    "memorysetup-bucket-allocator-block-count=8"
    "memorysetup-main-allocator-block-size=16777216"
    "memorysetup-thread-allocator-block-size=16777216"
    "memorysetup-gfx-main-allocator-block-size=16777216"
    "memorysetup-gfx-thread-allocator-block-size=16777216"
    "memorysetup-cache-allocator-block-size=4194304"
    "memorysetup-typetree-allocator-block-size=2097152"
    "memorysetup-profiler-bucket-allocator-granularity=16"
    "memorysetup-profiler-bucket-allocator-bucket-count=8"
    "memorysetup-profiler-bucket-allocator-block-size=33554432"
    "memorysetup-profiler-bucket-allocator-block-count=8"
    "memorysetup-profiler-allocator-block-size=16777216"
    "memorysetup-profiler-editor-allocator-block-size=1048576"
    "memorysetup-temp-allocator-size-main=16777216"
    "memorysetup-job-temp-allocator-block-size=2097152"
    "memorysetup-job-temp-allocator-block-size-background=1048576"
    "memorysetup-job-temp-allocator-reduction-small-platforms=262144"
    "memorysetup-temp-allocator-size-background-worker=32768"
    "memorysetup-temp-allocator-size-job-worker=262144"
    "memorysetup-temp-allocator-size-preload-manager=33554432"
    "memorysetup-temp-allocator-size-nav-mesh-worker=65536"
    "memorysetup-temp-allocator-size-audio-worker=65536"
    "memorysetup-temp-allocator-size-cloud-worker=32768"
    "memorysetup-temp-allocator-size-gi-baking-worker=262144"
    "memorysetup-temp-allocator-size-gfx=262144"
Player connection [24160] Host "[IP] 192.168.219.105 [Port] 0 [Flags] 2 [Guid] 900947 [EditorId] 900947 [Version] 1048832 [Id] WindowsEditor(7,DESKTOP-FULIFO0) [Debug] 1 [PackageName] WindowsEditor [ProjectName] Editor" joined multi-casting on [225.0.0.222:54997]...

Player connection [24160] Host "[IP] 192.168.219.105 [Port] 0 [Flags] 2 [Guid] 900947 [EditorId] 900947 [Version] 1048832 [Id] WindowsEditor(7,DESKTOP-FULIFO0) [Debug] 1 [PackageName] WindowsEditor [ProjectName] Editor" joined alternative multi-casting on [225.0.0.222:34997]...

Refreshing native plugins compatible for Editor in 127.68 ms, found 4 plugins.
Preloading 0 native plugins for Editor in 0.00 ms.
Initialize engine version: 2021.3.20f1 (577897200b8b)
[Subsystems] Discovering subsystems at path C:/Program Files/Unity/Hub/Editor/2021.3.20f1/Editor/Data/Resources/UnitySubsystems
[Subsystems] Discovering subsystems at path C:/Users/spike/Documents/GitHub/WOM_GIT/Assets
GfxDevice: creating device client; threaded=0; jobified=0
Direct3D:
    Version:  Direct3D 11.0 [level 11.1]
    Renderer: NVIDIA GeForce RTX 3070 (ID=0x2484)
    Vendor:   NVIDIA
    VRAM:     8043 MB
    Driver:   31.0.15.1694
Initialize mono
Mono path[0] = 'C:/Program Files/Unity/Hub/Editor/2021.3.20f1/Editor/Data/Managed'
Mono path[1] = 'C:/Program Files/Unity/Hub/Editor/2021.3.20f1/Editor/Data/MonoBleedingEdge/lib/mono/unityjit-win32'
Mono config path = 'C:/Program Files/Unity/Hub/Editor/2021.3.20f1/Editor/Data/MonoBleedingEdge/etc'
Using monoOptions --debugger-agent=transport=dt_socket,embedding=1,server=y,suspend=n,address=127.0.0.1:56588
Begin MonoManager ReloadAssembly
Registering precompiled unity dll's ...
Register platform support module: C:/Program Files/Unity/Hub/Editor/2021.3.20f1/Editor/Data/PlaybackEngines/AndroidPlayer/UnityEditor.Android.Extensions.dll
Register platform support module: C:/Program Files/Unity/Hub/Editor/2021.3.20f1/Editor/Data/PlaybackEngines/iOSSupport/UnityEditor.iOS.Extensions.dll
Register platform support module: C:/Program Files/Unity/Hub/Editor/2021.3.20f1/Editor/Data/PlaybackEngines/WindowsStandaloneSupport/UnityEditor.WindowsStandalone.Extensions.dll
Registered in 0.013490 seconds.
Native extension for WindowsStandalone target not found
[usbmuxd] Start listen thread
[usbmuxd] Listen thread started
Native extension for iOS target not found
Native extension for Android target not found
Android Extension - Scanning For ADB Devices 279 ms
Refreshing native plugins compatible for Editor in 110.26 ms, found 4 plugins.
Preloading 0 native plugins for Editor in 0.00 ms.
Mono: successfully reloaded assembly
- Completed reload, in  0.886 seconds
Domain Reload Profiling:
	ReloadAssembly (887ms)
		BeginReloadAssembly (84ms)
			ExecutionOrderSort (0ms)
			DisableScriptedObjects (0ms)
			BackupInstance (0ms)
			ReleaseScriptingObjects (0ms)
			CreateAndSetChildDomain (1ms)
		EndReloadAssembly (710ms)
			LoadAssemblies (82ms)
			RebuildTransferFunctionScriptingTraits (0ms)
			SetupTypeCache (78ms)
			ReleaseScriptCaches (0ms)
			RebuildScriptCaches (21ms)
			SetupLoadedEditorAssemblies (558ms)
				LogAssemblyErrors (0ms)
				InitializePlatformSupportModulesInManaged (338ms)
				SetLoadedEditorAssemblies (0ms)
				RefreshPlugins (110ms)
				BeforeProcessingInitializeOnLoad (1ms)
				ProcessInitializeOnLoadAttributes (70ms)
				ProcessInitializeOnLoadMethodAttributes (39ms)
				AfterProcessingInitializeOnLoad (0ms)
				EditorAssembliesLoaded (0ms)
			ExecutionOrderSort2 (0ms)
			AwakeInstancesAfterBackupRestoration (0ms)
Platform modules already initialized, skipping
Registering precompiled user dll's ...
Registered in 0.027937 seconds.
Begin MonoManager ReloadAssembly
Symbol file LoadedFromMemory doesn't match image C:\Users\spike\Documents\GitHub\WOM_GIT\Library\PackageCache\com.unity.visualscripting@1.8.0\Editor\VisualScripting.Core\Dependencies\DotNetZip\Unity.VisualScripting.IonicZip.dll
Symbol file LoadedFromMemory doesn't match image C:\Users\spike\Documents\GitHub\WOM_GIT\Library\PackageCache\com.unity.visualscripting@1.8.0\Editor\VisualScripting.Core\Dependencies\YamlDotNet\Unity.VisualScripting.YamlDotNet.dll
Native extension for WindowsStandalone target not found
Native extension for iOS target not found
Native extension for Android target not found
Refreshing native plugins compatible for Editor in 110.38 ms, found 4 plugins.
Preloading 0 native plugins for Editor in 0.00 ms.
GPGSUpgrader start
UnityEngine.StackTraceUtility:ExtractStackTrace ()
UnityEngine.DebugLogHandler:LogFormat (UnityEngine.LogType,UnityEngine.Object,string,object[])
UnityEngine.Logger:Log (UnityEngine.LogType,object)
UnityEngine.Debug:Log (object)
GooglePlayGames.Editor.GPGSUpgrader:.cctor () (at Assets/GooglePlayGames/Editor/GPGSUpgrader.cs:38)
System.Runtime.CompilerServices.RuntimeHelpers:RunClassConstructor (System.RuntimeTypeHandle)
UnityEditor.EditorAssemblies:ProcessInitializeOnLoadAttributes (System.Type[])

(Filename: Assets/GooglePlayGames/Editor/GPGSUpgrader.cs Line: 38)

GPGSUpgrader done
UnityEngine.StackTraceUtility:ExtractStackTrace ()
UnityEngine.DebugLogHandler:LogFormat (UnityEngine.LogType,UnityEngine.Object,string,object[])
UnityEngine.Logger:Log (UnityEngine.LogType,object)
UnityEngine.Debug:Log (object)
GooglePlayGames.Editor.GPGSUpgrader:.cctor () (at Assets/GooglePlayGames/Editor/GPGSUpgrader.cs:57)
System.Runtime.CompilerServices.RuntimeHelpers:RunClassConstructor (System.RuntimeTypeHandle)
UnityEditor.EditorAssemblies:ProcessInitializeOnLoadAttributes (System.Type[])

(Filename: Assets/GooglePlayGames/Editor/GPGSUpgrader.cs Line: 57)

Launched and connected shader compiler UnityShaderCompiler.exe after 0.05 seconds
Mono: successfully reloaded assembly
- Completed reload, in  1.914 seconds
Domain Reload Profiling:
	ReloadAssembly (1914ms)
		BeginReloadAssembly (112ms)
			ExecutionOrderSort (0ms)
			DisableScriptedObjects (5ms)
			BackupInstance (0ms)
			ReleaseScriptingObjects (0ms)
			CreateAndSetChildDomain (17ms)
		EndReloadAssembly (1712ms)
			LoadAssemblies (123ms)
			RebuildTransferFunctionScriptingTraits (0ms)
			SetupTypeCache (231ms)
			ReleaseScriptCaches (1ms)
			RebuildScriptCaches (61ms)
			SetupLoadedEditorAssemblies (1259ms)
				LogAssemblyErrors (0ms)
				InitializePlatformSupportModulesInManaged (24ms)
				SetLoadedEditorAssemblies (0ms)
				RefreshPlugins (110ms)
				BeforeProcessingInitializeOnLoad (123ms)
				ProcessInitializeOnLoadAttributes (741ms)
				ProcessInitializeOnLoadMethodAttributes (247ms)
				AfterProcessingInitializeOnLoad (13ms)
				EditorAssembliesLoaded (0ms)
			ExecutionOrderSort2 (0ms)
			AwakeInstancesAfterBackupRestoration (10ms)
Platform modules already initialized, skipping
========================================================================
Worker process is ready to serve import requests
Refreshing native plugins compatible for Editor in 1.76 ms, found 4 plugins.
Preloading 0 native plugins for Editor in 0.00 ms.
Unloading 5908 Unused Serialized files (Serialized files now loaded: 0)
Unloading 99 unused Assets / (0.7 MB). Loaded Objects now: 6392.
Memory consumption went from 237.3 MB to 236.6 MB.
Total: 16.113400 ms (FindLiveObjects: 0.458600 ms CreateObjectMapping: 0.143400 ms MarkObjects: 15.124300 ms  DeleteObjects: 0.386100 ms)

AssetImportParameters requested are different than current active one (requested -> active):
  custom:video-decoder-ogg-theora: a1e56fd34408186e4bbccfd4996cb3dc -> 
  custom:container-muxer-webm: aa71ff27fc2769a1b78a27578f13a17b -> 
  custom:container-demuxer-webm: 4f35f7cbe854078d1ac9338744f61a02 -> 
  custom:video-encoder-webm-vp8: eb34c28f22e8b96e1ab97ce403110664 -> 
  custom:audio-encoder-webm-vorbis: bf7c407c2cedff20999df2af8eb42d56 -> 
  custom:framework-win-MediaFoundation: 216162199b28c13a410421893ffa2e32 -> 
  custom:container-demuxer-ogg: 62fdf1f143b41e24485cea50d1cbac27 -> 
  custom:video-decoder-webm-vp8: 9c59270c3fd7afecdb556c50c9e8de78 -> 
  custom:audio-decoder-ogg-vorbis: bf7c407c2cedff20999df2af8eb42d56 -> 
========================================================================
Received Import Request.
  Time since last request: 425687.290737 seconds.
  path: Assets/Plug-in/Casual Music Pack/Sound Effects/Special & Powerup 44.wav
  artifactKey: Guid(bf0c2a32019f9fc4791240073417d261) Importer(815301076,1909f56bfc062723c751e8b465ee728b)
Start importing Assets/Plug-in/Casual Music Pack/Sound Effects/Special & Powerup 44.wav using Guid(bf0c2a32019f9fc4791240073417d261) Importer(815301076,1909f56bfc062723c751e8b465ee728b)  -> (artifact id: '1e3601b834287d88f10709f558ade86c') in 0.126889 seconds 
========================================================================
Received Import Request.
  Time since last request: 0.000026 seconds.
  path: Assets/Plug-in/Casual Music Pack/Music Loops/Casual Game Music 13.wav
  artifactKey: Guid(8287837c946b0924884db77c31ad18d3) Importer(815301076,1909f56bfc062723c751e8b465ee728b)
Start importing Assets/Plug-in/Casual Music Pack/Music Loops/Casual Game Music 13.wav using Guid(8287837c946b0924884db77c31ad18d3) Importer(815301076,1909f56bfc062723c751e8b465ee728b)  -> (artifact id: 'f59a1a587d967dd7a8679c5e85681107') in 0.012740 seconds 
========================================================================
Received Import Request.
  Time since last request: 0.000142 seconds.
  path: Assets/Plug-in/Casual Music Pack/Jingles/Negative 3.wav
  artifactKey: Guid(1ea61eb40a800694d84f6c9e740324d4) Importer(815301076,1909f56bfc062723c751e8b465ee728b)
Start importing Assets/Plug-in/Casual Music Pack/Jingles/Negative 3.wav using Guid(1ea61eb40a800694d84f6c9e740324d4) Importer(815301076,1909f56bfc062723c751e8b465ee728b)  -> (artifact id: '23afadfa48e9262fecdd8fc2ca99a02f') in 0.014144 seconds 
========================================================================
Received Import Request.
  Time since last request: 0.000022 seconds.
  path: Assets/Plug-in/Casual Music Pack/Sound Effects/Special & Powerup 34.wav
  artifactKey: Guid(057b4e59831e07e4d8a3bf5848e44a8e) Importer(815301076,1909f56bfc062723c751e8b465ee728b)
Start importing Assets/Plug-in/Casual Music Pack/Sound Effects/Special & Powerup 34.wav using Guid(057b4e59831e07e4d8a3bf5848e44a8e) Importer(815301076,1909f56bfc062723c751e8b465ee728b)  -> (artifact id: '049e2c1348520433518bbc16afaf1e3a') in 0.013404 seconds 
========================================================================
Received Import Request.
  Time since last request: 0.000017 seconds.
  path: Assets/Plug-in/Casual Music Pack/Sound Effects/Countdown 5.wav
  artifactKey: Guid(f497e76a57ecc10459ccefffe79cbebb) Importer(815301076,1909f56bfc062723c751e8b465ee728b)
Start importing Assets/Plug-in/Casual Music Pack/Sound Effects/Countdown 5.wav using Guid(f497e76a57ecc10459ccefffe79cbebb) Importer(815301076,1909f56bfc062723c751e8b465ee728b)  -> (artifact id: '169f917467665f2ced1da982f1a71d25') in 0.024843 seconds 
========================================================================
Received Import Request.
  Time since last request: 0.000022 seconds.
  path: Assets/Plug-in/Casual Music Pack/Sound Effects/Special & Powerup 35.wav
  artifactKey: Guid(dae7aa9f66ae6e0438fe3a8cf581af67) Importer(815301076,1909f56bfc062723c751e8b465ee728b)
Start importing Assets/Plug-in/Casual Music Pack/Sound Effects/Special & Powerup 35.wav using Guid(dae7aa9f66ae6e0438fe3a8cf581af67) Importer(815301076,1909f56bfc062723c751e8b465ee728b)  -> (artifact id: '98ca24e9f157c9830e226e37855c1f7d') in 0.011063 seconds 
========================================================================
Received Import Request.
  Time since last request: 0.000030 seconds.
  path: Assets/Plug-in/Casual Music Pack/Music Loops/Casual Game Music 04.wav
  artifactKey: Guid(4809b042ca4c55c48b4bbe9c903883f7) Importer(815301076,1909f56bfc062723c751e8b465ee728b)
Start importing Assets/Plug-in/Casual Music Pack/Music Loops/Casual Game Music 04.wav using Guid(4809b042ca4c55c48b4bbe9c903883f7) Importer(815301076,1909f56bfc062723c751e8b465ee728b)  -> (artifact id: 'f82ace85152fe78dcfab8f7184e15072') in 0.011229 seconds 
========================================================================
Received Import Request.
  Time since last request: 0.000016 seconds.
  path: Assets/Plug-in/Casual Music Pack/Music Loops/Casual Game Music 11.wav
  artifactKey: Guid(e18713d5c19d4a84fa2c91618335bcd5) Importer(815301076,1909f56bfc062723c751e8b465ee728b)
Start importing Assets/Plug-in/Casual Music Pack/Music Loops/Casual Game Music 11.wav using Guid(e18713d5c19d4a84fa2c91618335bcd5) Importer(815301076,1909f56bfc062723c751e8b465ee728b)  -> (artifact id: '59874807689ac80fb2bbdbf124870f2c') in 0.011194 seconds 
========================================================================
Received Import Request.
  Time since last request: 0.000021 seconds.
  path: Assets/Plug-in/Casual Music Pack/Sound Effects/Pop 6.wav
  artifactKey: Guid(a907a8ede399a5041b3f67b92796e2bc) Importer(815301076,1909f56bfc062723c751e8b465ee728b)
Start importing Assets/Plug-in/Casual Music Pack/Sound Effects/Pop 6.wav using Guid(a907a8ede399a5041b3f67b92796e2bc) Importer(815301076,1909f56bfc062723c751e8b465ee728b)  -> (artifact id: 'b70ea55858e6fc66306c1ac1c2a83f02') in 0.012165 seconds 
========================================================================
Received Import Request.
  Time since last request: 0.000016 seconds.
  path: Assets/Plug-in/Casual Music Pack/Jingles/Negative 7.wav
  artifactKey: Guid(5e9f7070852054147b31c0155c4a207d) Importer(815301076,1909f56bfc062723c751e8b465ee728b)
Start importing Assets/Plug-in/Casual Music Pack/Jingles/Negative 7.wav using Guid(5e9f7070852054147b31c0155c4a207d) Importer(815301076,1909f56bfc062723c751e8b465ee728b)  -> (artifact id: '1b88b5aa01fab425c1f6c9186d539e13') in 0.012980 seconds 
========================================================================
Received Import Request.
  Time since last request: 0.000016 seconds.
  path: Assets/Plug-in/Casual Music Pack/Sound Effects/Special & Powerup 43.wav
  artifactKey: Guid(1241c180ad574404590d97a6644a8811) Importer(815301076,1909f56bfc062723c751e8b465ee728b)
Start importing Assets/Plug-in/Casual Music Pack/Sound Effects/Special & Powerup 43.wav using Guid(1241c180ad574404590d97a6644a8811) Importer(815301076,1909f56bfc062723c751e8b465ee728b)  -> (artifact id: '4799701fbd8964024700300e26fe6046') in 0.012561 seconds 
========================================================================
Received Import Request.
  Time since last request: 0.000021 seconds.
  path: Assets/Plug-in/Casual Music Pack/Music Loops/Casual Game Music 07 - Oriental.wav
  artifactKey: Guid(8e349711e1e8f1f49bd84b2da366b0f3) Importer(815301076,1909f56bfc062723c751e8b465ee728b)
Start importing Assets/Plug-in/Casual Music Pack/Music Loops/Casual Game Music 07 - Oriental.wav using Guid(8e349711e1e8f1f49bd84b2da366b0f3) Importer(815301076,1909f56bfc062723c751e8b465ee728b)  -> (artifact id: '298704e1e3711c43b6359c706b36eae2') in 0.011896 seconds 
========================================================================
Received Import Request.
  Time since last request: 0.000016 seconds.
  path: Assets/Plug-in/Casual Music Pack/Jingles/Positive 5.wav
  artifactKey: Guid(45bc947026033f44495b7122b906557c) Importer(815301076,1909f56bfc062723c751e8b465ee728b)
Start importing Assets/Plug-in/Casual Music Pack/Jingles/Positive 5.wav using Guid(45bc947026033f44495b7122b906557c) Importer(815301076,1909f56bfc062723c751e8b465ee728b)  -> (artifact id: '6baff75bc303db8318f301318ebb4881') in 0.012409 seconds 
========================================================================
Received Import Request.
  Time since last request: 0.000015 seconds.
  path: Assets/Plug-in/Casual Music Pack/Sound Effects/Prize Wheel Spin 2 Tick.wav
  artifactKey: Guid(f02907a651b935447846bd4a747823c3) Importer(815301076,1909f56bfc062723c751e8b465ee728b)
Start importing Assets/Plug-in/Casual Music Pack/Sound Effects/Prize Wheel Spin 2 Tick.wav using Guid(f02907a651b935447846bd4a747823c3) Importer(815301076,1909f56bfc062723c751e8b465ee728b)  -> (artifact id: 'ec47d7f571264703f439e86060b8cbe0') in 0.012188 seconds 
========================================================================
Received Import Request.
  Time since last request: 0.000021 seconds.
  path: Assets/Plug-in/Casual Music Pack/Jingles/Negative 10.wav
  artifactKey: Guid(2adabc71101249b41a82cf2e1eab39dc) Importer(815301076,1909f56bfc062723c751e8b465ee728b)
Start importing Assets/Plug-in/Casual Music Pack/Jingles/Negative 10.wav using Guid(2adabc71101249b41a82cf2e1eab39dc) Importer(815301076,1909f56bfc062723c751e8b465ee728b)  -> (artifact id: '13ffc8bc813c6e791651b1ba7a211e3e') in 0.012091 seconds 
========================================================================
Received Import Request.
  Time since last request: 0.000018 seconds.
  path: Assets/Plug-in/Casual Music Pack/Sound Effects/8 Bit Click 1.wav
  artifactKey: Guid(89f4c712d308fa44c8c3c8c3c5ed5295) Importer(815301076,1909f56bfc062723c751e8b465ee728b)
Start importing Assets/Plug-in/Casual Music Pack/Sound Effects/8 Bit Click 1.wav using Guid(89f4c712d308fa44c8c3c8c3c5ed5295) Importer(815301076,1909f56bfc062723c751e8b465ee728b)  -> (artifact id: '1685b7c4700e9e6f095107a80553a326') in 0.013884 seconds 
========================================================================
Received Import Request.
  Time since last request: 0.000016 seconds.
  path: Assets/Plug-in/Casual Music Pack/Jingles/Negative 5.wav
  artifactKey: Guid(a95a49e8527c2ab44a18abf1ab9bfdb7) Importer(815301076,1909f56bfc062723c751e8b465ee728b)
Start importing Assets/Plug-in/Casual Music Pack/Jingles/Negative 5.wav using Guid(a95a49e8527c2ab44a18abf1ab9bfdb7) Importer(815301076,1909f56bfc062723c751e8b465ee728b)  -> (artifact id: '2322e0e22b68b20de159966362397c49') in 0.010726 seconds 
========================================================================
Received Import Request.
  Time since last request: 0.000017 seconds.
  path: Assets/Plug-in/Casual Music Pack/Sound Effects/Coins 08.wav
  artifactKey: Guid(4a30f14df8c678b42a0023f960b8f3a4) Importer(815301076,1909f56bfc062723c751e8b465ee728b)
Start importing Assets/Plug-in/Casual Music Pack/Sound Effects/Coins 08.wav using Guid(4a30f14df8c678b42a0023f960b8f3a4) Importer(815301076,1909f56bfc062723c751e8b465ee728b)  -> (artifact id: 'ca9796743ae36236404407a89b1a1d6d') in 0.011839 seconds 
========================================================================
Received Import Request.
  Time since last request: 0.000017 seconds.
  path: Assets/Plug-in/Casual Music Pack/Music Loops/Casual Game Music 14.wav
  artifactKey: Guid(7b1b67a0debf8834981c0e5ed9733b4b) Importer(815301076,1909f56bfc062723c751e8b465ee728b)
Start importing Assets/Plug-in/Casual Music Pack/Music Loops/Casual Game Music 14.wav using Guid(7b1b67a0debf8834981c0e5ed9733b4b) Importer(815301076,1909f56bfc062723c751e8b465ee728b)  -> (artifact id: 'fc6bc29dd3ee7cf80c9cb1251c824ff7') in 0.011479 seconds 
========================================================================
Received Import Request.
  Time since last request: 0.000024 seconds.
  path: Assets/Plug-in/Casual Music Pack/Jingles/Positive 1.wav
  artifactKey: Guid(581dd6d344afb61468a2c531c7f8d095) Importer(815301076,1909f56bfc062723c751e8b465ee728b)
Start importing Assets/Plug-in/Casual Music Pack/Jingles/Positive 1.wav using Guid(581dd6d344afb61468a2c531c7f8d095) Importer(815301076,1909f56bfc062723c751e8b465ee728b)  -> (artifact id: '53fd901e6deea3350cabb0ad13a64ae2') in 0.011330 seconds 
========================================================================
Received Import Request.
  Time since last request: 0.000020 seconds.
  path: Assets/Plug-in/Casual Music Pack/Sound Effects/Prize Wheel Spin 2 (long).wav
  artifactKey: Guid(806a5b618838f9d4a8b9e000b251724d) Importer(815301076,1909f56bfc062723c751e8b465ee728b)
Start importing Assets/Plug-in/Casual Music Pack/Sound Effects/Prize Wheel Spin 2 (long).wav using Guid(806a5b618838f9d4a8b9e000b251724d) Importer(815301076,1909f56bfc062723c751e8b465ee728b)  -> (artifact id: '9e2d9f88d2714889763b5bba8a82f138') in 0.012438 seconds 
========================================================================
Received Import Request.
  Time since last request: 0.000017 seconds.
  path: Assets/Plug-in/Casual Music Pack/Music Loops/Casual Game Music 05.wav
  artifactKey: Guid(ec4d4d5d23585254e803d731bbf75e06) Importer(815301076,1909f56bfc062723c751e8b465ee728b)
Start importing Assets/Plug-in/Casual Music Pack/Music Loops/Casual Game Music 05.wav using Guid(ec4d4d5d23585254e803d731bbf75e06) Importer(815301076,1909f56bfc062723c751e8b465ee728b)  -> (artifact id: 'f8482482ecc75949a0525c89d7b67e59') in 0.011857 seconds 
========================================================================
Received Import Request.
  Time since last request: 0.000019 seconds.
  path: Assets/Plug-in/Casual Music Pack/Sound Effects/Coins 22.wav
  artifactKey: Guid(8a11b770f291b5042b2e6583077565a4) Importer(815301076,1909f56bfc062723c751e8b465ee728b)
Start importing Assets/Plug-in/Casual Music Pack/Sound Effects/Coins 22.wav using Guid(8a11b770f291b5042b2e6583077565a4) Importer(815301076,1909f56bfc062723c751e8b465ee728b)  -> (artifact id: '3fdf93c437774efc3a3c368a5bafe992') in 0.011531 seconds 
========================================================================
Received Import Request.
  Time since last request: 0.000025 seconds.
  path: Assets/Plug-in/Casual Music Pack/Music Loops/Casual Game Music 08.wav
  artifactKey: Guid(ceac6cbd8d61c7244ba5d476d38e9c09) Importer(815301076,1909f56bfc062723c751e8b465ee728b)
Start importing Assets/Plug-in/Casual Music Pack/Music Loops/Casual Game Music 08.wav using Guid(ceac6cbd8d61c7244ba5d476d38e9c09) Importer(815301076,1909f56bfc062723c751e8b465ee728b)  -> (artifact id: 'f9d1e50ee05b6b3bf45f43205d93b812') in 0.012908 seconds 
========================================================================
Received Import Request.
  Time since last request: 0.000024 seconds.
  path: Assets/Plug-in/Casual Music Pack/Sound Effects/Countdown 4.wav
  artifactKey: Guid(508d49dac491d0641b208cd5f3d0f948) Importer(815301076,1909f56bfc062723c751e8b465ee728b)
Start importing Assets/Plug-in/Casual Music Pack/Sound Effects/Countdown 4.wav using Guid(508d49dac491d0641b208cd5f3d0f948) Importer(815301076,1909f56bfc062723c751e8b465ee728b)  -> (artifact id: 'd1601e53266deda887eb34dab957c559') in 0.012191 seconds 
========================================================================
Received Import Request.
  Time since last request: 59.816236 seconds.
  path: Assets/Resources/DOTweenSettings.asset
  artifactKey: Guid(5b3a2d1ccd2c8c949a887e841c1d4cf1) Importer(815301076,1909f56bfc062723c751e8b465ee728b)
Start importing Assets/Resources/DOTweenSettings.asset using Guid(5b3a2d1ccd2c8c949a887e841c1d4cf1) Importer(815301076,1909f56bfc062723c751e8b465ee728b)  -> (artifact id: '3497c045e72010e3025ff2c43c3b21df') in 0.013195 seconds 
========================================================================
Received Import Request.
  Time since last request: 0.358981 seconds.
  path: Assets/Settings/Lit2DSceneTemplate.scenetemplate
  artifactKey: Guid(d03ed43fc9d8a4f2e9fa70c1c7916eb9) Importer(815301076,1909f56bfc062723c751e8b465ee728b)
Start importing Assets/Settings/Lit2DSceneTemplate.scenetemplate using Guid(d03ed43fc9d8a4f2e9fa70c1c7916eb9) Importer(815301076,1909f56bfc062723c751e8b465ee728b)  -> (artifact id: 'c2d891e05196c8a0476ba19061504894') in 0.087065 seconds 
========================================================================
Received Import Request.
  Time since last request: 4.495977 seconds.
  path: Assets/WOM/Prefabs/[ GOLD SPACE ].prefab
  artifactKey: Guid(655c5b6c6cd81f44aa758f54682a6f6a) Importer(815301076,1909f56bfc062723c751e8b465ee728b)
Start importing Assets/WOM/Prefabs/[ GOLD SPACE ].prefab using Guid(655c5b6c6cd81f44aa758f54682a6f6a) Importer(815301076,1909f56bfc062723c751e8b465ee728b)  -> (artifact id: 'e5f20263baa68248b4cd08f46e1e3e5f') in 0.022391 seconds 
========================================================================
Received Import Request.
  Time since last request: 0.000023 seconds.
  path: Assets/WOM/Prefabs/[ UI_SET ]  1.prefab
  artifactKey: Guid(836b15f9686fdb84bae1d35d0d17cc55) Importer(815301076,1909f56bfc062723c751e8b465ee728b)
Start importing Assets/WOM/Prefabs/[ UI_SET ]  1.prefab using Guid(836b15f9686fdb84bae1d35d0d17cc55) Importer(815301076,1909f56bfc062723c751e8b465ee728b)  -> (artifact id: '96f15c3fcd08b7fee01e8eba2e70f968') in 0.043869 seconds 
========================================================================
Received Import Request.
  Time since last request: 0.000025 seconds.
  path: Assets/WOM/Prefabs/FloatingText.prefab
  artifactKey: Guid(f02b7669d9cc4134aa64fad408879656) Importer(815301076,1909f56bfc062723c751e8b465ee728b)
Start importing Assets/WOM/Prefabs/FloatingText.prefab using Guid(f02b7669d9cc4134aa64fad408879656) Importer(815301076,1909f56bfc062723c751e8b465ee728b)  -> (artifact id: '6bc00407226154a54974bdaee01902b0') in 0.010818 seconds 
========================================================================
Received Import Request.
  Time since last request: 0.000021 seconds.
  path: Assets/WOM/Prefabs/[ UI_SET ] .prefab
  artifactKey: Guid(da5b08d02e7ffd247b0f96b5d9e7e74f) Importer(815301076,1909f56bfc062723c751e8b465ee728b)
Start importing Assets/WOM/Prefabs/[ UI_SET ] .prefab using Guid(da5b08d02e7ffd247b0f96b5d9e7e74f) Importer(815301076,1909f56bfc062723c751e8b465ee728b)  -> (artifact id: '15b527b53f4ac5f60e450cd750b5c515') in 0.023642 seconds 
========================================================================
Received Import Request.
  Time since last request: 4.435184 seconds.
  path: Assets/WOM/ScriptableObjects/BackgroundSpriteFileData.asset
  artifactKey: Guid(4d189ed3578eab044a8ff435c96b2a92) Importer(815301076,1909f56bfc062723c751e8b465ee728b)
Start importing Assets/WOM/ScriptableObjects/BackgroundSpriteFileData.asset using Guid(4d189ed3578eab044a8ff435c96b2a92) Importer(815301076,1909f56bfc062723c751e8b465ee728b)  -> (artifact id: '18d1ff4c44b286c088ea1305b141dd89') in 0.014393 seconds 
========================================================================
Received Prepare
Registering precompiled user dll's ...
Registered in 0.024239 seconds.
Begin MonoManager ReloadAssembly
Symbol file LoadedFromMemory doesn't match image C:\Users\spike\Documents\GitHub\WOM_GIT\Library\PackageCache\com.unity.visualscripting@1.8.0\Editor\VisualScripting.Core\Dependencies\DotNetZip\Unity.VisualScripting.IonicZip.dll
Symbol file LoadedFromMemory doesn't match image C:\Users\spike\Documents\GitHub\WOM_GIT\Library\PackageCache\com.unity.visualscripting@1.8.0\Editor\VisualScripting.Core\Dependencies\YamlDotNet\Unity.VisualScripting.YamlDotNet.dll
Native extension for WindowsStandalone target not found
Native extension for iOS target not found
Native extension for Android target not found
Refreshing native plugins compatible for Editor in 1.22 ms, found 4 plugins.
Preloading 0 native plugins for Editor in 0.00 ms.
Unable to write to 'ProjectSettings\GvhProjectSettings.xml' (System.IO.IOException: Sharing violation on path C:\Users\spike\Documents\GitHub\WOM_GIT\ProjectSettings\GvhProjectSettings.xml
  at System.IO.FileStream..ctor (System.String path, System.IO.FileMode mode, System.IO.FileAccess access, System.IO.FileShare share, System.Int32 bufferSize, System.Boolean anonymous, System.IO.FileOptions options) [0x0019e] in <88e4733ac7bc4ae1b496735e6b83bbd3>:0 
  at System.IO.FileStream..ctor (System.String path, System.IO.FileMode mode, System.IO.FileAccess access, System.IO.FileShare share, System.Int32 bufferSize, System.IO.FileOptions options) [0x00000] in <88e4733ac7bc4ae1b496735e6b83bbd3>:0 
  at System.IO.FileStream..ctor (System.String path, System.IO.FileMode mode, System.IO.FileAccess access, System.IO.FileShare share, System.Int32 bufferSize, System.Boolean useAsync) [0x00000] in <88e4733ac7bc4ae1b496735e6b83bbd3>:0 
  at (wrapper remoting-invoke-with-check) System.IO.FileStream..ctor(string,System.IO.FileMode,System.IO.FileAccess,System.IO.FileShare,int,bool)
  at System.Xml.XmlWriterSettings.CreateWriter (System.String outputFileName) [0x00051] in <c2a60c2ad12b49149012fcf8294ec601>:0 
  at System.Xml.XmlWriter.Create (System.String outputFileName, System.Xml.XmlWriterSettings settings) [0x0000a] in <c2a60c2ad12b49149012fcf8294ec601>:0 
  at Google.ProjectSettings.Save () [0x000a1] in <7b25f89da297436bac7b910a26a1b5ad>:0 , Project settings were not saved!
UnityEngine.StackTraceUtility:ExtractStackTrace ()
UnityEngine.DebugLogHandler:LogFormat (UnityEngine.LogType,UnityEngine.Object,string,object[])
UnityEngine.Logger:Log (UnityEngine.LogType,object)
UnityEngine.Debug:LogError (object)
Google.Logger:Log (string,Google.LogLevel)
Google.ProjectSettings:Save ()
Google.ProjectSettings:SetBool (string,bool,Google.SettingsLocation)
Google.ProjectSettings:SetBool (string,bool)
Google.IOSResolver:set_VerboseLoggingEnabled (bool)
Google.IOSResolver:.cctor ()
System.Runtime.CompilerServices.RuntimeHelpers:RunClassConstructor (System.RuntimeTypeHandle)
UnityEditor.EditorAssemblies:ProcessInitializeOnLoadAttributes (System.Type[])

GPGSUpgrader start
UnityEngine.StackTraceUtility:ExtractStackTrace ()
UnityEngine.DebugLogHandler:LogFormat (UnityEngine.LogType,UnityEngine.Object,string,object[])
UnityEngine.Logger:Log (UnityEngine.LogType,object)
UnityEngine.Debug:Log (object)
GooglePlayGames.Editor.GPGSUpgrader:.cctor () (at Assets/GooglePlayGames/Editor/GPGSUpgrader.cs:38)
System.Runtime.CompilerServices.RuntimeHelpers:RunClassConstructor (System.RuntimeTypeHandle)
UnityEditor.EditorAssemblies:ProcessInitializeOnLoadAttributes (System.Type[])

(Filename: Assets/GooglePlayGames/Editor/GPGSUpgrader.cs Line: 38)

GPGSUpgrader done
UnityEngine.StackTraceUtility:ExtractStackTrace ()
UnityEngine.DebugLogHandler:LogFormat (UnityEngine.LogType,UnityEngine.Object,string,object[])
UnityEngine.Logger:Log (UnityEngine.LogType,object)
UnityEngine.Debug:Log (object)
GooglePlayGames.Editor.GPGSUpgrader:.cctor () (at Assets/GooglePlayGames/Editor/GPGSUpgrader.cs:57)
System.Runtime.CompilerServices.RuntimeHelpers:RunClassConstructor (System.RuntimeTypeHandle)
UnityEditor.EditorAssemblies:ProcessInitializeOnLoadAttributes (System.Type[])

(Filename: Assets/GooglePlayGames/Editor/GPGSUpgrader.cs Line: 57)

Mono: successfully reloaded assembly
- Completed reload, in  1.715 seconds
Domain Reload Profiling:
	ReloadAssembly (1716ms)
		BeginReloadAssembly (197ms)
			ExecutionOrderSort (0ms)
			DisableScriptedObjects (5ms)
			BackupInstance (0ms)
			ReleaseScriptingObjects (0ms)
			CreateAndSetChildDomain (68ms)
		EndReloadAssembly (1405ms)
			LoadAssemblies (148ms)
			RebuildTransferFunctionScriptingTraits (0ms)
			SetupTypeCache (228ms)
			ReleaseScriptCaches (2ms)
			RebuildScriptCaches (45ms)
			SetupLoadedEditorAssemblies (954ms)
				LogAssemblyErrors (0ms)
				InitializePlatformSupportModulesInManaged (24ms)
				SetLoadedEditorAssemblies (0ms)
				RefreshPlugins (1ms)
				BeforeProcessingInitializeOnLoad (92ms)
				ProcessInitializeOnLoadAttributes (650ms)
				ProcessInitializeOnLoadMethodAttributes (174ms)
				AfterProcessingInitializeOnLoad (12ms)
				EditorAssembliesLoaded (0ms)
			ExecutionOrderSort2 (0ms)
			AwakeInstancesAfterBackupRestoration (12ms)
Platform modules already initialized, skipping
Refreshing native plugins compatible for Editor in 11.67 ms, found 4 plugins.
Preloading 0 native plugins for Editor in 0.00 ms.
Unloading 5748 Unused Serialized files (Serialized files now loaded: 0)
Unloading 88 unused Assets / (0.7 MB). Loaded Objects now: 6407.
Memory consumption went from 232.9 MB to 232.2 MB.
Total: 17.175800 ms (FindLiveObjects: 0.689900 ms CreateObjectMapping: 0.391900 ms MarkObjects: 15.757500 ms  DeleteObjects: 0.335300 ms)

AssetImportParameters requested are different than current active one (requested -> active):
  custom:video-decoder-ogg-theora: a1e56fd34408186e4bbccfd4996cb3dc -> 
  custom:container-muxer-webm: aa71ff27fc2769a1b78a27578f13a17b -> 
  custom:container-demuxer-webm: 4f35f7cbe854078d1ac9338744f61a02 -> 
  custom:video-encoder-webm-vp8: eb34c28f22e8b96e1ab97ce403110664 -> 
  custom:audio-encoder-webm-vorbis: bf7c407c2cedff20999df2af8eb42d56 -> 
  custom:framework-win-MediaFoundation: 216162199b28c13a410421893ffa2e32 -> 
  custom:container-demuxer-ogg: 62fdf1f143b41e24485cea50d1cbac27 -> 
  custom:video-decoder-webm-vp8: 9c59270c3fd7afecdb556c50c9e8de78 -> 
  custom:audio-decoder-ogg-vorbis: bf7c407c2cedff20999df2af8eb42d56 -> 
========================================================================
Received Prepare
Registering precompiled user dll's ...
Registered in 0.023493 seconds.
Begin MonoManager ReloadAssembly
Symbol file LoadedFromMemory doesn't match image C:\Users\spike\Documents\GitHub\WOM_GIT\Library\PackageCache\com.unity.visualscripting@1.8.0\Editor\VisualScripting.Core\Dependencies\DotNetZip\Unity.VisualScripting.IonicZip.dll
Symbol file LoadedFromMemory doesn't match image C:\Users\spike\Documents\GitHub\WOM_GIT\Library\PackageCache\com.unity.visualscripting@1.8.0\Editor\VisualScripting.Core\Dependencies\YamlDotNet\Unity.VisualScripting.YamlDotNet.dll
Native extension for WindowsStandalone target not found
Native extension for iOS target not found
Native extension for Android target not found
Refreshing native plugins compatible for Editor in 2.58 ms, found 4 plugins.
Preloading 0 native plugins for Editor in 0.00 ms.
Unable to write to 'ProjectSettings\GvhProjectSettings.xml' (System.IO.IOException: Sharing violation on path C:\Users\spike\Documents\GitHub\WOM_GIT\ProjectSettings\GvhProjectSettings.xml
  at System.IO.FileStream..ctor (System.String path, System.IO.FileMode mode, System.IO.FileAccess access, System.IO.FileShare share, System.Int32 bufferSize, System.Boolean anonymous, System.IO.FileOptions options) [0x0019e] in <88e4733ac7bc4ae1b496735e6b83bbd3>:0 
  at System.IO.FileStream..ctor (System.String path, System.IO.FileMode mode, System.IO.FileAccess access, System.IO.FileShare share, System.Int32 bufferSize, System.IO.FileOptions options) [0x00000] in <88e4733ac7bc4ae1b496735e6b83bbd3>:0 
  at System.IO.FileStream..ctor (System.String path, System.IO.FileMode mode, System.IO.FileAccess access, System.IO.FileShare share, System.Int32 bufferSize, System.Boolean useAsync) [0x00000] in <88e4733ac7bc4ae1b496735e6b83bbd3>:0 
  at (wrapper remoting-invoke-with-check) System.IO.FileStream..ctor(string,System.IO.FileMode,System.IO.FileAccess,System.IO.FileShare,int,bool)
  at System.Xml.XmlWriterSettings.CreateWriter (System.String outputFileName) [0x00051] in <c2a60c2ad12b49149012fcf8294ec601>:0 
  at System.Xml.XmlWriter.Create (System.String outputFileName, System.Xml.XmlWriterSettings settings) [0x0000a] in <c2a60c2ad12b49149012fcf8294ec601>:0 
  at Google.ProjectSettings.Save () [0x000a1] in <7b25f89da297436bac7b910a26a1b5ad>:0 , Project settings were not saved!
UnityEngine.StackTraceUtility:ExtractStackTrace ()
UnityEngine.DebugLogHandler:LogFormat (UnityEngine.LogType,UnityEngine.Object,string,object[])
UnityEngine.Logger:Log (UnityEngine.LogType,object)
UnityEngine.Debug:LogError (object)
Google.Logger:Log (string,Google.LogLevel)
Google.ProjectSettings:Save ()
Google.ProjectSettings:SetBool (string,bool,Google.SettingsLocation)
Google.ProjectSettings:SetBool (string,bool)
Google.IOSResolver:set_VerboseLoggingEnabled (bool)
Google.IOSResolver:.cctor ()
System.Runtime.CompilerServices.RuntimeHelpers:RunClassConstructor (System.RuntimeTypeHandle)
UnityEditor.EditorAssemblies:ProcessInitializeOnLoadAttributes (System.Type[])

GPGSUpgrader start
UnityEngine.StackTraceUtility:ExtractStackTrace ()
UnityEngine.DebugLogHandler:LogFormat (UnityEngine.LogType,UnityEngine.Object,string,object[])
UnityEngine.Logger:Log (UnityEngine.LogType,object)
UnityEngine.Debug:Log (object)
GooglePlayGames.Editor.GPGSUpgrader:.cctor () (at Assets/GooglePlayGames/Editor/GPGSUpgrader.cs:38)
System.Runtime.CompilerServices.RuntimeHelpers:RunClassConstructor (System.RuntimeTypeHandle)
UnityEditor.EditorAssemblies:ProcessInitializeOnLoadAttributes (System.Type[])

(Filename: Assets/GooglePlayGames/Editor/GPGSUpgrader.cs Line: 38)

GPGSUpgrader done
UnityEngine.StackTraceUtility:ExtractStackTrace ()
UnityEngine.DebugLogHandler:LogFormat (UnityEngine.LogType,UnityEngine.Object,string,object[])
UnityEngine.Logger:Log (UnityEngine.LogType,object)
UnityEngine.Debug:Log (object)
GooglePlayGames.Editor.GPGSUpgrader:.cctor () (at Assets/GooglePlayGames/Editor/GPGSUpgrader.cs:57)
System.Runtime.CompilerServices.RuntimeHelpers:RunClassConstructor (System.RuntimeTypeHandle)
UnityEditor.EditorAssemblies:ProcessInitializeOnLoadAttributes (System.Type[])

(Filename: Assets/GooglePlayGames/Editor/GPGSUpgrader.cs Line: 57)

Mono: successfully reloaded assembly
- Completed reload, in  1.575 seconds
Domain Reload Profiling:
	ReloadAssembly (1575ms)
		BeginReloadAssembly (152ms)
			ExecutionOrderSort (0ms)
			DisableScriptedObjects (5ms)
			BackupInstance (0ms)
			ReleaseScriptingObjects (0ms)
			CreateAndSetChildDomain (47ms)
		EndReloadAssembly (1333ms)
			LoadAssemblies (121ms)
			RebuildTransferFunctionScriptingTraits (0ms)
			SetupTypeCache (212ms)
			ReleaseScriptCaches (2ms)
			RebuildScriptCaches (42ms)
			SetupLoadedEditorAssemblies (910ms)
				LogAssemblyErrors (0ms)
				InitializePlatformSupportModulesInManaged (27ms)
				SetLoadedEditorAssemblies (0ms)
				RefreshPlugins (3ms)
				BeforeProcessingInitializeOnLoad (102ms)
				ProcessInitializeOnLoadAttributes (594ms)
				ProcessInitializeOnLoadMethodAttributes (171ms)
				AfterProcessingInitializeOnLoad (13ms)
				EditorAssembliesLoaded (0ms)
			ExecutionOrderSort2 (0ms)
			AwakeInstancesAfterBackupRestoration (13ms)
Platform modules already initialized, skipping
Refreshing native plugins compatible for Editor in 10.71 ms, found 4 plugins.
Preloading 0 native plugins for Editor in 0.00 ms.
Unloading 5748 Unused Serialized files (Serialized files now loaded: 0)
Unloading 86 unused Assets / (0.7 MB). Loaded Objects now: 6410.
Memory consumption went from 232.9 MB to 232.2 MB.
Total: 15.484500 ms (FindLiveObjects: 0.480700 ms CreateObjectMapping: 0.357200 ms MarkObjects: 14.328000 ms  DeleteObjects: 0.317000 ms)

AssetImportParameters requested are different than current active one (requested -> active):
  custom:video-decoder-ogg-theora: a1e56fd34408186e4bbccfd4996cb3dc -> 
  custom:container-muxer-webm: aa71ff27fc2769a1b78a27578f13a17b -> 
  custom:container-demuxer-webm: 4f35f7cbe854078d1ac9338744f61a02 -> 
  custom:video-encoder-webm-vp8: eb34c28f22e8b96e1ab97ce403110664 -> 
  custom:audio-encoder-webm-vorbis: bf7c407c2cedff20999df2af8eb42d56 -> 
  custom:framework-win-MediaFoundation: 216162199b28c13a410421893ffa2e32 -> 
  custom:container-demuxer-ogg: 62fdf1f143b41e24485cea50d1cbac27 -> 
  custom:video-decoder-webm-vp8: 9c59270c3fd7afecdb556c50c9e8de78 -> 
  custom:audio-decoder-ogg-vorbis: bf7c407c2cedff20999df2af8eb42d56 -> 
